==========================
Processing function: f
blocks =
f:
x0 := $30
x1 := $31
x2 := $16
x3 := $17
x4 := $18
x5 := $19
x6 := $20
x7 := $21
x8 := $22
x9 := $23
$2 := 1
jump .L0

.L1:
jump .L0

.L0:
$30 := x0
$31 := x1
$16 := x2
$17 := x3
$18 := x4
$19 := x5
$20 := x6
$21 := x7
$22 := x8
$23 := x9
return

{
  $2	: {x0,x1,x2,x3,x4,x5,x6,x7,x8,x9}
  $16	: {x0,x1,x3,x4,x5,x6,x7,x8,x9}
  $17	: {x0,x1,x2,x4,x5,x6,x7,x8,x9}
  $18	: {x0,x1,x2,x3,x5,x6,x7,x8,x9}
  $19	: {x0,x1,x2,x3,x4,x6,x7,x8,x9}
  $20	: {x0,x1,x2,x3,x4,x5,x7,x8,x9}
  $21	: {x0,x1,x2,x3,x4,x5,x6,x8,x9}
  $22	: {x0,x1,x2,x3,x4,x5,x6,x7,x9}
  $23	: {x0,x1,x2,x3,x4,x5,x6,x7,x8}
  $30	: {x1,x2,x3,x4,x5,x6,x7,x8,x9}
  $31	: {x0,x2,x3,x4,x5,x6,x7,x8,x9}
  x0	: {$2,$16,$17,$18,$19,$20,$21,$22,$23,$31,x1,x2,x3,x4,x5,x6,x7,x8,x9}
  x1	: {$2,$16,$17,$18,$19,$20,$21,$22,$23,$30,x0,x2,x3,x4,x5,x6,x7,x8,x9}
  x2	: {$2,$17,$18,$19,$20,$21,$22,$23,$30,$31,x0,x1,x3,x4,x5,x6,x7,x8,x9}
  x3	: {$2,$16,$18,$19,$20,$21,$22,$23,$30,$31,x0,x1,x2,x4,x5,x6,x7,x8,x9}
  x4	: {$2,$16,$17,$19,$20,$21,$22,$23,$30,$31,x0,x1,x2,x3,x5,x6,x7,x8,x9}
  x5	: {$2,$16,$17,$18,$20,$21,$22,$23,$30,$31,x0,x1,x2,x3,x4,x6,x7,x8,x9}
  x6	: {$2,$16,$17,$18,$19,$21,$22,$23,$30,$31,x0,x1,x2,x3,x4,x5,x7,x8,x9}
  x7	: {$2,$16,$17,$18,$19,$20,$22,$23,$30,$31,x0,x1,x2,x3,x4,x5,x6,x8,x9}
  x8	: {$2,$16,$17,$18,$19,$20,$21,$23,$30,$31,x0,x1,x2,x3,x4,x5,x6,x7,x9}
  x9	: {$2,$16,$17,$18,$19,$20,$21,$22,$30,$31,x0,x1,x2,x3,x4,x5,x6,x7,x8}
}
==========================
Processing function: main
blocks =
main:
x10 := $30
x11 := $31
x12 := $16
x13 := $17
x14 := $18
x15 := $19
x16 := $20
x17 := $21
x18 := $22
x19 := $23
$29 := $29-16
call f
$29 := $29+16
x20 := $2
$29 := $29-16
call f
$29 := $29+16
x21 := $2
x22 := x20+x21
$29 := $29-16
call f
$29 := $29+16
x23 := $2
x24 := x22+x23
$2 := x24
jump .L2

.L3:
jump .L2

.L2:
$30 := x10
$31 := x11
$16 := x12
$17 := x13
$18 := x14
$19 := x15
$20 := x16
$21 := x17
$22 := x18
$23 := x19
return

{
  $1	: {$9}
  $2	: {$9,$29,x10,x11,x12,x13,x14,x15,x16,x17,x18,x19}
  $3	: {$9}
  $4	: {$9,$29,x10,x11,x12,x13,x14,x15,x16,x17,x18,x19,x20,x21,x22}
  $5	: {$9,$29,x10,x11,x12,x13,x14,x15,x16,x17,x18,x19,x20,x21,x22}
  $6	: {$9,$29,x10,x11,x12,x13,x14,x15,x16,x17,x18,x19,x20,x21,x22}
  $7	: {$9,$29,x10,x11,x12,x13,x14,x15,x16,x17,x18,x19,x20,x21,x22}
  $8	: {$9}
  $9	: {$1,$2,$3,$4,$5,$6,$7,$8,$10,$11,$12,$13,$14,$15,$24,$25,$29,$31,x10,x11,x12,x13,x14,x15,x16,x17,x18,x19,x20,x22}
  $10	: {$9}
  $11	: {$9}
  $12	: {$9}
  $13	: {$9}
  $14	: {$9}
  $15	: {$9}
  $16	: {x10,x11,x13,x14,x15,x16,x17,x18,x19}
  $17	: {x10,x11,x12,x14,x15,x16,x17,x18,x19}
  $18	: {x10,x11,x12,x13,x15,x16,x17,x18,x19}
  $19	: {x10,x11,x12,x13,x14,x16,x17,x18,x19}
  $20	: {x10,x11,x12,x13,x14,x15,x17,x18,x19}
  $21	: {x10,x11,x12,x13,x14,x15,x16,x18,x19}
  $22	: {x10,x11,x12,x13,x14,x15,x16,x17,x19}
  $23	: {x10,x11,x12,x13,x14,x15,x16,x17,x18}
  $24	: {$9}
  $25	: {$9}
  $29	: {$2,$4,$5,$6,$7,$9,x10,x11,x12,x13,x14,x15,x16,x17,x18,x19,x20,x21,x22}
  $30	: {x11,x12,x13,x14,x15,x16,x17,x18,x19}
  $31	: {$9,x10,x12,x13,x14,x15,x16,x17,x18,x19}
  x10	: {$2,$4,$5,$6,$7,$9,$16,$17,$18,$19,$20,$21,$22,$23,$29,$31,x11,x12,x13,x14,x15,x16,x17,x18,x19,x20,x21,x22,x23,x24}
  x11	: {$2,$4,$5,$6,$7,$9,$16,$17,$18,$19,$20,$21,$22,$23,$29,$30,x10,x12,x13,x14,x15,x16,x17,x18,x19,x20,x21,x22,x23,x24}
  x12	: {$2,$4,$5,$6,$7,$9,$17,$18,$19,$20,$21,$22,$23,$29,$30,$31,x10,x11,x13,x14,x15,x16,x17,x18,x19,x20,x21,x22,x23,x24}
  x13	: {$2,$4,$5,$6,$7,$9,$16,$18,$19,$20,$21,$22,$23,$29,$30,$31,x10,x11,x12,x14,x15,x16,x17,x18,x19,x20,x21,x22,x23,x24}
  x14	: {$2,$4,$5,$6,$7,$9,$16,$17,$19,$20,$21,$22,$23,$29,$30,$31,x10,x11,x12,x13,x15,x16,x17,x18,x19,x20,x21,x22,x23,x24}
  x15	: {$2,$4,$5,$6,$7,$9,$16,$17,$18,$20,$21,$22,$23,$29,$30,$31,x10,x11,x12,x13,x14,x16,x17,x18,x19,x20,x21,x22,x23,x24}
  x16	: {$2,$4,$5,$6,$7,$9,$16,$17,$18,$19,$21,$22,$23,$29,$30,$31,x10,x11,x12,x13,x14,x15,x17,x18,x19,x20,x21,x22,x23,x24}
  x17	: {$2,$4,$5,$6,$7,$9,$16,$17,$18,$19,$20,$22,$23,$29,$30,$31,x10,x11,x12,x13,x14,x15,x16,x18,x19,x20,x21,x22,x23,x24}
  x18	: {$2,$4,$5,$6,$7,$9,$16,$17,$18,$19,$20,$21,$23,$29,$30,$31,x10,x11,x12,x13,x14,x15,x16,x17,x19,x20,x21,x22,x23,x24}
  x19	: {$2,$4,$5,$6,$7,$9,$16,$17,$18,$19,$20,$21,$22,$29,$30,$31,x10,x11,x12,x13,x14,x15,x16,x17,x18,x20,x21,x22,x23,x24}
  x20	: {$4,$5,$6,$7,$9,$29,x10,x11,x12,x13,x14,x15,x16,x17,x18,x19,x21}
  x21	: {$4,$5,$6,$7,$29,x10,x11,x12,x13,x14,x15,x16,x17,x18,x19,x20}
  x22	: {$4,$5,$6,$7,$9,$29,x10,x11,x12,x13,x14,x15,x16,x17,x18,x19,x23}
  x23	: {x10,x11,x12,x13,x14,x15,x16,x17,x18,x19,x22}
  x24	: {x10,x11,x12,x13,x14,x15,x16,x17,x18,x19}
}
